-------------------------------------------------------------------------------
Test set: TestSuite
-------------------------------------------------------------------------------
Tests run: 4, Failures: 1, Errors: 0, Skipped: 0, Time elapsed: 56.616 s <<< FAILURE! - in TestSuite
cucumberOptions.TestNgRunner.runScenario["Search for product in both home and offers page", "Search and place the order of products"](2)  Time elapsed: 47.653 s  <<< FAILURE!
java.lang.AssertionError: expected [Beetroot] but found [No data]

