<?xml version="1.0" encoding="UTF-8"?>
<!-- Generated by org.testng.reporters.JUnitReportReporter -->
<testsuite hostname="DESKTOP-NB1AD2I" failures="1" tests="4" name="cucumberOptions.TestNgRunner" time="193.214" errors="0" timestamp="2025-07-12T19:20:32 IST" skipped="0">
  <testcase classname="cucumberOptions.TestNgRunner" name="runScenario" time="47.106"/>
  <testcase classname="cucumberOptions.TestNgRunner" name="runScenario" time="49.915"/>
  <testcase classname="cucumberOptions.TestNgRunner" name="runScenario" time="48.533"/>
  <testcase classname="cucumberOptions.TestNgRunner" name="runScenario" time="47.660">
    <failure message="expected [Beetroot] but found [No data]" type="java.lang.AssertionError">
      <![CDATA[java.lang.AssertionError: expected [Beetroot] but found [No data]
at org.testng.Assert.fail(Assert.java:111)
at org.testng.Assert.failNotEquals(Assert.java:1590)
at org.testng.Assert.assertEqualsImpl(Assert.java:150)
at org.testng.Assert.assertEquals(Assert.java:132)
at org.testng.Assert.assertEquals(Assert.java:656)
at org.testng.Assert.assertEquals(Assert.java:666)
at stepDefinitions.OffersPageStepDefinition.validate_product_name_in_offers_page_matches_with_landing_page(OffersPageStepDefinition.java:46)
at âœ½.Validate product name in offers page matches with landing page(file:///D:/New_Workspace/CucumberSeleniumFramework/src/test/java/features/searchProduct.feature:14)
]]>
    </failure>
  </testcase> <!-- runScenario -->
</testsuite> <!-- cucumberOptions.TestNgRunner -->
